STEP to UG
! INFO-     NX STEP AP203 - V11.0
! INFO-      
! INFO-     Start of Translation: 28-APR-2019  1:14:24 PM
! INFO-      
! STATUS-   Converting Part: \\vmware-host\Shared Folders\AMDO\A - 010-MA Project - (ⴰⵀⴱⵓ) ⴰⵜⴰⵔⴰⵎ ⴽⵍⴰⵙ ⴰⵙⵎⴰⴷ ⵏ ⵜⵓⵙⵏⴰ (ⴰⵏⵜ-50 ⴽⴳ) - ATARAM Class Asemad n'Tussna (ANT-50 KG) (•)\Vendor Components\Motedis Profile 45x45L B-Type slot 10.stp
! SUMMARY-   
! SUMMARY-    STEP Header Information
! SUMMARY-   
! SUMMARY-  Description      Unknown
! SUMMARY-  Imp_Level        2;1
! SUMMARY-  File_Name        D:\Inventor-Dateien\9.Profile\Marge\in-Shop\P45L_N10_B.stp
! SUMMARY-  Date             2012-11-22T16:14:36
! SUMMARY-  Author           Schwarz
! SUMMARY-  Organization     Unknown
! SUMMARY-  Pre_Version      Autodesk Inventor 2009
! SUMMARY-  Orig_System      Autodesk Inventor 2009
! SUMMARY-  Authorization    Unknown
! SUMMARY-  Schema_ID        automotive_design
! SUMMARY-   
! SUMMARY-    Summary of STEP Entities
! SUMMARY-   
! SUMMARY-  Entity Type                                                   Count
! SUMMARY-  -----------                                                   ------
! SUMMARY-  advanced_brep_shape_representation .........................:      1
! SUMMARY-  advanced_face ..............................................:    250
! SUMMARY-  application_context ........................................:      1
! SUMMARY-  application_protocol_definition ............................:      1
! SUMMARY-  axis2_placement_3d .........................................:    539
! SUMMARY-  cartesian_point ............................................:   1491
! SUMMARY-  circle .....................................................:    288
! SUMMARY-  closed_shell ...............................................:      1
! SUMMARY-  conversion_based_unit_and_plane_angle_unit .................:      2
! SUMMARY-  cylindrical_surface ........................................:    144
! SUMMARY-  dimensional_exponents ......................................:      2
! SUMMARY-  direction ..................................................:   1534
! SUMMARY-  edge_curve .................................................:    744
! SUMMARY-  edge_loop ..................................................:    260
! SUMMARY-  face_bound .................................................:     10
! SUMMARY-  face_outer_bound ...........................................:    250
! SUMMARY-  geometric_representation_context_and_global_uncertainty_a ..:      2
! SUMMARY-  length_unit_and_si_unit ....................................:      2
! SUMMARY-  line .......................................................:    456
! SUMMARY-  manifold_solid_brep ........................................:      1
! SUMMARY-  oriented_edge ..............................................:   1488
! SUMMARY-  plane ......................................................:    106
! SUMMARY-  plane_angle_measure_with_unit ..............................:      2
! SUMMARY-  plane_angle_unit_and_si_unit ...............................:      2
! SUMMARY-  product ....................................................:      1
! SUMMARY-  product_context ............................................:      1
! SUMMARY-  product_definition .........................................:      1
! SUMMARY-  product_definition_context .................................:      1
! SUMMARY-  product_definition_formation ...............................:      1
! SUMMARY-  product_definition_shape ...................................:      1
! SUMMARY-  product_related_product_category ...........................:      1
! SUMMARY-  shape_definition_representation ............................:      1
! SUMMARY-  shape_representation .......................................:      1
! SUMMARY-  shape_representation_relationship ..........................:      1
! SUMMARY-  si_unit_and_solid_angle_unit ...............................:      2
! SUMMARY-  uncertainty_measure_with_unit ..............................:      2
! SUMMARY-  vector .....................................................:    456
! SUMMARY-  vertex_point ...............................................:    496
! SUMMARY-                                                               -------
! SUMMARY-  Total                                                           8543
! STATUS-    
! STATUS-   Converting to Output Form (Phase 2 of 3): 28-APR-2019 1:14:24 PM
! STATUS-    
! STATUS-    
! STATUS-   Generating UG geometry and placing them in parts
! STATUS-    
! STATUS-   Creating the UG part (Phase 3 of 3): 28-APR-2019  1:14:24 PM
! STATUS-    
! STATUS-   Creating UG solid body from Input Ent Id 8577
! STATUS-    
! STATUS-   simplifying Bsplines to analytics
! STATUS-    
! STATUS-   converting tolerant edges into exact edges
! STATUS-    
! STATUS-   doing final check of body to report any faults
! STATUS-    
! INFO-     Filing Part ..: \\vmware-host\Shared Folders\AMDO\A - 010-MA Project - (ⴰⵀⴱⵓ) ⴰⵜⴰⵔⴰⵎ ⴽⵍⴰⵙ ⴰⵙⵎⴰⴷ ⵏ ⵜⵓⵙⵏⴰ (ⴰⵏⵜ-50 ⴽⴳ) - ATARAM Class Asemad n'Tussna (ANT-50 KG) (•)\Vendor Components\Motedis Profile 45x45L B-Type slot 10_stp.prt
! SUMMARY-   
! SUMMARY-  Summary of Unigraphics Part Entities
! SUMMARY-   
! SUMMARY-  Entities Processed             Count
! SUMMARY-  ------------------             -----
! SUMMARY-  Solid .......................:     1
! SUMMARY-                                 -----
! SUMMARY-  Total                              1
! INFO-      
! INFO-     Total number of solids input for this translation       :         1
! INFO-      
! INFO-     Number of solids created without body validation faults :         1
! INFO-      
! INFO-     Number of solids created with body validation fault(s)  :         0
! INFO-      
! INFO-     Number of solids ending up as sheet bodies              :         0
! INFO-      
! INFO-     End of Translation: 28-APR-2019  1:14:25 PM
! INFO-      
